<?xml version="1.0" encoding="UTF-8" ?>
<testsuite tests="18" failures="0" name="co.mycompany.restaurante.server.access.RestauranteRepositoryImplJersey" time="18.484" errors="0" skipped="0">
  <properties>
    <property name="java.runtime.name" value="Java(TM) SE Runtime Environment"/>
    <property name="java.vm.version" value="13.0.2+8"/>
    <property name="sun.boot.library.path" value="C:\Program Files\Java\jdk-13.0.2\bin"/>
    <property name="maven.multiModuleProjectDirectory" value="C:\Users\kevit\Documents\GitHub\Domicilio-Restaurante-3Spring\AppRestauranteOnline\restaurante-client"/>
    <property name="java.vm.vendor" value="Oracle Corporation"/>
    <property name="java.vendor.url" value="https://java.oracle.com/"/>
    <property name="guice.disable.misplaced.annotation.check" value="true"/>
    <property name="path.separator" value=";"/>
    <property name="java.vm.name" value="Java HotSpot(TM) 64-Bit Server VM"/>
    <property name="sun.os.patch.level" value=""/>
    <property name="user.script" value=""/>
    <property name="user.country" value="CO"/>
    <property name="sun.java.launcher" value="SUN_STANDARD"/>
    <property name="test" value="co.mycompany.restaurante.server.access.RestauranteRepositoryImplJersey"/>
    <property name="java.vm.specification.name" value="Java Virtual Machine Specification"/>
    <property name="user.dir" value="C:\Users\kevit\Documents\GitHub\Domicilio-Restaurante-3Spring\AppRestauranteOnline\restaurante-client"/>
    <property name="java.vm.compressedOopsMode" value="32-bit"/>
    <property name="java.runtime.version" value="13.0.2+8"/>
    <property name="os.arch" value="amd64"/>
    <property name="java.io.tmpdir" value="C:\Users\kevit\AppData\Local\Temp\"/>
    <property name="line.separator" value="
"/>
    <property name="java.vm.specification.vendor" value="Oracle Corporation"/>
    <property name="user.variant" value=""/>
    <property name="os.name" value="Windows 10"/>
    <property name="maven.ext.class.path" value="C:\Program Files\NetBeans-12.0\netbeans\java\maven-nblib\netbeans-eventspy.jar"/>
    <property name="classworlds.conf" value="C:\Program Files\NetBeans-12.0\netbeans\java\maven\bin\..\bin\m2.conf"/>
    <property name="sun.jnu.encoding" value="Cp1252"/>
    <property name="java.library.path" value="C:\Program Files\Java\jdk-13.0.2\bin;C:\WINDOWS\Sun\Java\bin;C:\WINDOWS\system32;C:\WINDOWS;C:\Program Files\Common Files\Oracle\Java\javapath;C:\oraclexe\app\oracle\product\11.2.0\server\bin;C:\Program Files (x86)\Common Files\Oracle\Java\javapath;C:\WINDOWS\system32;C:\WINDOWS;C:\WINDOWS\System32\Wbem;C:\WINDOWS\System32\WindowsPowerShell\v1.0\;C:\WINDOWS\System32\OpenSSH\;C:\Program Files\Git\cmd;C:\msys32\mingw32\bin;C:\msys32\usr\bin;C:\qemu;C:\bochs\bin;C:\cross-gcc\bin;C:\Program Files (x86)\cdrtools;;C:\Program Files\Docker\Docker\resources\bin;C:\ProgramData\DockerDesktop\version-bin;C:\Users\kevit\AppData\Local\Microsoft\WindowsApps;C:\Users\kevit\AppData\Local\GitHubDesktop\bin;C:\Program Files\JetBrains\PyCharm Community Edition 2020.3.3\bin;;C:\So\msys32\mingw32\bin;C:\So\msys32\usr\bin;C:\So\qemu;C:\So\bochs\bin;C:\So\cross-gcc\bin;C:\Program Files\doxygen\bin;C:\Program Files (x86)\cdrtools;C:\Program Files\gnuplot\bin;C:\Program Files\RabbitMQ Server\rabbitmq_server-3.8.14\sbin;C:\Program Files\MySQL\MySQL Server 8.0\bin;C:\Program Files\PostgreSQL\10\pgAdmin 4\python\python.exe;;C:\Users\kevit\AppData\Local\Programs\Microsoft VS Code\bin;."/>
    <property name="maven.conf" value="C:\Program Files\NetBeans-12.0\netbeans\java\maven\bin\../conf"/>
    <property name="jdk.debug" value="release"/>
    <property name="java.class.version" value="57.0"/>
    <property name="java.specification.name" value="Java Platform API Specification"/>
    <property name="sun.management.compiler" value="HotSpot 64-Bit Tiered Compilers"/>
    <property name="os.version" value="10.0"/>
    <property name="library.jansi.path" value="C:\Program Files\NetBeans-12.0\netbeans\java\maven\bin\..\lib\jansi-native"/>
    <property name="user.home" value="C:\Users\kevit"/>
    <property name="user.timezone" value="America/Bogota"/>
    <property name="file.encoding" value="UTF-8"/>
    <property name="java.specification.version" value="13"/>
    <property name="user.name" value="kevit"/>
    <property name="java.class.path" value="C:\Program Files\NetBeans-12.0\netbeans\java\maven\bin\..\boot\plexus-classworlds-2.6.0.jar"/>
    <property name="java.vm.specification.version" value="13"/>
    <property name="sun.arch.data.model" value="64"/>
    <property name="sun.java.command" value="org.codehaus.plexus.classworlds.launcher.Launcher -Dtest=co.mycompany.restaurante.server.access.RestauranteRepositoryImplJersey -Dmaven.ext.class.path=C:\Program Files\NetBeans-12.0\netbeans\java\maven-nblib\netbeans-eventspy.jar -Dfile.encoding=UTF-8 test-compile surefire:test"/>
    <property name="java.home" value="C:\Program Files\Java\jdk-13.0.2"/>
    <property name="user.language" value="es"/>
    <property name="java.specification.vendor" value="Oracle Corporation"/>
    <property name="java.vm.info" value="mixed mode, sharing"/>
    <property name="java.version" value="13.0.2"/>
    <property name="java.vendor" value="Oracle Corporation"/>
    <property name="maven.home" value="C:\Program Files\NetBeans-12.0\netbeans\java\maven\bin\.."/>
    <property name="file.separator" value="\"/>
    <property name="java.version.date" value="2020-01-14"/>
    <property name="java.vendor.url.bug" value="https://bugreport.java.com/bugreport/"/>
    <property name="sun.io.unicode.encoding" value="UnicodeLittle"/>
    <property name="sun.cpu.endian" value="little"/>
    <property name="sun.cpu.isalist" value="amd64"/>
  </properties>
  <testcase classname="co.mycompany.restaurante.server.access.RestauranteRepositoryImplJersey" name="testGetComponenteExistente" time="4.105"/>
  <testcase classname="co.mycompany.restaurante.server.access.RestauranteRepositoryImplJersey" name="testGetPlato" time="2.642"/>
  <testcase classname="co.mycompany.restaurante.server.access.RestauranteRepositoryImplJersey" name="testAddPlatoNoExistente" time="0.377"/>
  <testcase classname="co.mycompany.restaurante.server.access.RestauranteRepositoryImplJersey" name="testFindUsuarioExistente" time="1.482"/>
  <testcase classname="co.mycompany.restaurante.server.access.RestauranteRepositoryImplJersey" name="testGetComponenteNoExistente" time="0.186"/>
  <testcase classname="co.mycompany.restaurante.server.access.RestauranteRepositoryImplJersey" name="testAddComponenteExistente" time="0.526"/>
  <testcase classname="co.mycompany.restaurante.server.access.RestauranteRepositoryImplJersey" name="testAddPlatoExistente" time="0.162"/>
  <testcase classname="co.mycompany.restaurante.server.access.RestauranteRepositoryImplJersey" name="testGetPedidos" time="0.322"/>
  <testcase classname="co.mycompany.restaurante.server.access.RestauranteRepositoryImplJersey" name="testUpdatePedido" time="0.345"/>
  <testcase classname="co.mycompany.restaurante.server.access.RestauranteRepositoryImplJersey" name="testAddMenuComponentes" time="4.148"/>
  <testcase classname="co.mycompany.restaurante.server.access.RestauranteRepositoryImplJersey" name="testGetMenuComponentes" time="1.232"/>
  <testcase classname="co.mycompany.restaurante.server.access.RestauranteRepositoryImplJersey" name="testAddRestauranteNoExistente" time="1.641"/>
  <testcase classname="co.mycompany.restaurante.server.access.RestauranteRepositoryImplJersey" name="testUpdatePlatoNoExistente" time="0.337"/>
  <testcase classname="co.mycompany.restaurante.server.access.RestauranteRepositoryImplJersey" name="testAddPedido" time="0.229"/>
  <testcase classname="co.mycompany.restaurante.server.access.RestauranteRepositoryImplJersey" name="testUpdatePlatoExistente" time="0.199"/>
  <testcase classname="co.mycompany.restaurante.server.access.RestauranteRepositoryImplJersey" name="testAddComponenteNoExistente" time="0.368"/>
  <testcase classname="co.mycompany.restaurante.server.access.RestauranteRepositoryImplJersey" name="testGetRestaurantesDeUnAdministrador" time="0.142"/>
  <testcase classname="co.mycompany.restaurante.server.access.RestauranteRepositoryImplJersey" name="testGetComponentes" time="0.041"/>
</testsuite>